Arguments: 
  /home/guilhermecunha/.nvm/versions/node/v16.15.1/bin/node /home/guilhermecunha/.nvm/versions/node/v16.15.1/bin/yarn dev

PATH: 
  /home/guilhermecunha/.nvm/versions/node/v16.15.1/bin:/usr/local/sbin:/usr/local/bin:/usr/sbin:/usr/bin:/sbin:/bin:/usr/games:/usr/local/games:/snap/bin:/snap/bin

Yarn version: 
  1.22.19

Node version: 
  16.15.1

Platform: 
  linux x64

Trace: 
  SyntaxError: /home/guilhermecunha/Documents/TestInnovators/repositories/nextjs-micro-frontend/packages/react-components/package.json: Unexpected token / in JSON at position 156
      at JSON.parse (<anonymous>)
      at /home/guilhermecunha/.nvm/versions/node/v16.15.1/lib/node_modules/yarn/lib/cli.js:1629:59
      at Generator.next (<anonymous>)
      at step (/home/guilhermecunha/.nvm/versions/node/v16.15.1/lib/node_modules/yarn/lib/cli.js:310:30)
      at /home/guilhermecunha/.nvm/versions/node/v16.15.1/lib/node_modules/yarn/lib/cli.js:321:13

npm manifest: 
  {
    "name": "@nextjs-micro-frontend/react-components",
    "private": true,
    "version": "0.0.0",
    "main": "./dist/index.js",
    "types": "./dist/index.d.ts",
    // "typesVersions": {
    //   "*": {
    //     "*": [
    //       "dist/*"
    //     ]
    //   }
    // },
    // "exports": {
    //   "./*": {
    //     "import": "./build/*.js",
    //     "require": "./build/*.cjs",
    //     "node": "./build/*.mjs",
    //     "default": "./build/*.mjs"
    //   },
    //   "./styles.css": "./dist/styles.css"
    // },
    "license": "MIT",
    "scripts": {
      "build": "tsup src/**/*.tsx --format esm,cjs --dts --external react && tailwindcss -i ./src/styles.css -o ./dist/styles.css",
      "dev": "concurrently \"tsup src/**/*.tsx --format esm,cjs --dts --external react --watch\" \"tailwindcss -i ./src/styles.css -o ./dist/styles.css --watch\"",
      "clean": "rm -rf dist"
    },
    "devDependencies": {
      "@nextjs-micro-frontend/tailwind-config": "*",
      "@nextjs-micro-frontend/tsconfig": "*",
      "@types/react": "^18.0.26",
      "@types/react-dom": "^18.0.9",
      "concurrently": "^7.2.2",
      "react": "^18.2.0",
      "tailwindcss": "^3.2.4",
      "tsup": "^6.1.3",
      "typescript": "^4.9.4"
    },
    "dependencies": {
      "clsx": "^1.2.1"
    }
  }

yarn manifest: 
  No manifest

Lockfile: 
  No lockfile
